Using pre-set license
Built from '2021.1/staging' branch; Version is '2021.1.5f1 (3737af19df53) revision 3618735'; Using compiler version '192528614'; Build Type 'Release'
OS: 'Windows 10 Pro; OS build 19042.985; Version 2009; 64bit' Language: 'en' Physical Memory: 16257 MB
BatchMode: 1, IsHumanControllingUs: 0, StartBugReporterOnCrash: 0, Is64bit: 1, IsPro: 0

 COMMAND LINE ARGUMENTS:
C:\Program Files\Unity\Hub\Editor\2021.1.5f1\Editor\Unity.exe
-adb2
-batchMode
-noUpm
-name
AssetImportWorker0
-projectPath
C:/Users/ShaunFerns/cookbook/unity-cookbook-2020-ch03-07b-layout-with-scrollbar
-logFile
Logs/AssetImportWorker0.log
-srvPort
58341
Successfully changed project path to: C:/Users/ShaunFerns/cookbook/unity-cookbook-2020-ch03-07b-layout-with-scrollbar
C:/Users/ShaunFerns/cookbook/unity-cookbook-2020-ch03-07b-layout-with-scrollbar
Using Asset Import Pipeline V2.
Refreshing native plugins compatible for Editor in 29.39 ms, found 0 plugins.
Preloading 0 native plugins for Editor in 0.00 ms.
Initialize engine version: 2021.1.5f1 (3737af19df53)
[Subsystems] Discovering subsystems at path C:/Program Files/Unity/Hub/Editor/2021.1.5f1/Editor/Data/Resources/UnitySubsystems
[Subsystems] Discovering subsystems at path C:/Users/ShaunFerns/cookbook/unity-cookbook-2020-ch03-07b-layout-with-scrollbar/Assets
GfxDevice: creating device client; threaded=0; jobified=0
Direct3D:
    Version:  Direct3D 11.0 [level 11.1]
    Renderer: NVIDIA GeForce GTX 1080 (ID=0x1ba0)
    Vendor:   NVIDIA
    VRAM:     8079 MB
    Driver:   27.21.14.5687
Initialize mono
Mono path[0] = 'C:/Program Files/Unity/Hub/Editor/2021.1.5f1/Editor/Data/Managed'
Mono path[1] = 'C:/Program Files/Unity/Hub/Editor/2021.1.5f1/Editor/Data/MonoBleedingEdge/lib/mono/unityjit'
Mono config path = 'C:/Program Files/Unity/Hub/Editor/2021.1.5f1/Editor/Data/MonoBleedingEdge/etc'
Using monoOptions --debugger-agent=transport=dt_socket,embedding=1,server=y,suspend=n,address=127.0.0.1:56580
Begin MonoManager ReloadAssembly
Registering precompiled unity dll's ...
Register platform support module: C:/Program Files/Unity/Hub/Editor/2021.1.5f1/Editor/Data/PlaybackEngines/WindowsStandaloneSupport/UnityEditor.WindowsStandalone.Extensions.dll
Registered in 0.002322 seconds.
Native extension for WindowsStandalone target not found
Refreshing native plugins compatible for Editor in 32.73 ms, found 0 plugins.
Preloading 0 native plugins for Editor in 0.00 ms.
Mono: successfully reloaded assembly
- Completed reload, in  1.554 seconds
Platform modules already initialized, skipping
Registering precompiled user dll's ...
Registered in 0.001124 seconds.
Begin MonoManager ReloadAssembly
Native extension for WindowsStandalone target not found
Refreshing native plugins compatible for Editor in 0.23 ms, found 0 plugins.
Preloading 0 native plugins for Editor in 0.00 ms.
Mono: successfully reloaded assembly
- Completed reload, in  1.129 seconds
Platform modules already initialized, skipping
========================================================================
Worker process is ready to serve import requests
Launched and connected shader compiler UnityShaderCompiler.exe after 0.07 seconds
Refreshing native plugins compatible for Editor in 0.27 ms, found 0 plugins.
Preloading 0 native plugins for Editor in 0.00 ms.
Unloading 1129 Unused Serialized files (Serialized files now loaded: 0)
System memory in use before: 58.7 MB.
System memory in use after: 58.8 MB.

Unloading 9 unused Assets to reduce memory usage. Loaded Objects now: 1585.
Total: 2.225900 ms (FindLiveObjects: 0.122900 ms CreateObjectMapping: 0.033200 ms MarkObjects: 2.008100 ms  DeleteObjects: 0.060200 ms)

========================================================================
Received Import Request.
  path: Assets/_Scenes
  artifactKey: Guid(a28f6c657707541029d5ef910b67cfad) Importer(815301076,1909f56bfc062723c751e8b465ee728b)
Start importing Assets/_Scenes using Guid(a28f6c657707541029d5ef910b67cfad) Importer(815301076,1909f56bfc062723c751e8b465ee728b)  -> (artifact id: 'a118abaf6b8244cf33176c0b23aa5a57') in 0.005074 seconds 
========================================================================
Received Import Request.
  Time since last request: 2.941466 seconds.
  path: Assets/_Scenes/Main Scene.unity
  artifactKey: Guid(dca7aa8685928448fbe5abdaa34773bf) Importer(815301076,1909f56bfc062723c751e8b465ee728b)
Start importing Assets/_Scenes/Main Scene.unity using Guid(dca7aa8685928448fbe5abdaa34773bf) Importer(815301076,1909f56bfc062723c751e8b465ee728b)  -> (artifact id: 'e5504bf7e5269af34f83e5655cf54cd2') in 0.015641 seconds 
========================================================================
Received Prepare
Registering precompiled user dll's ...
Registered in 0.000843 seconds.
Begin MonoManager ReloadAssembly
Native extension for WindowsStandalone target not found
Refreshing native plugins compatible for Editor in 0.22 ms, found 0 plugins.
Preloading 0 native plugins for Editor in 0.00 ms.
Mono: successfully reloaded assembly
- Completed reload, in  1.026 seconds
Platform modules already initialized, skipping
Refreshing native plugins compatible for Editor in 0.32 ms, found 0 plugins.
Preloading 0 native plugins for Editor in 0.00 ms.
Unloading 1123 Unused Serialized files (Serialized files now loaded: 0)
System memory in use before: 58.4 MB.
System memory in use after: 58.5 MB.

Unloading 4 unused Assets to reduce memory usage. Loaded Objects now: 1588.
Total: 1.854200 ms (FindLiveObjects: 0.108400 ms CreateObjectMapping: 0.034700 ms MarkObjects: 1.693100 ms  DeleteObjects: 0.016900 ms)

AssetImportWorkerClient::OnTransportError - code=2 error=End of file
